[2020-05-27 06:24:07 [ERROR]] Wake-for-shutdown connect failed: The condition Socket error in "connect": 10049 (요청한 주소는 해당 컨텍스트에서 유효하지 않습니다.) occurred with errno: 0.
[2020-05-27 12:15:44 [ERROR]] Error while processing connection: The condition The condition end of file on #<SB-SYS:FD-STREAM for "socket 192.168.123.10:80, peer: 66.240.205.34:34028" {1004F3EC83}> occurred with errno: 0. occurred with errno: 0.
[2020-05-28 07:15:35 [ERROR]] The function COMMON-LISP-USER::CREATE-INDEX is
                              undefined.
Backtrace for: #<SB-THREAD:THREAD "hunchentoot-worker-192.168.123.254:60889" RUNNING {10053119A3}>
0: ("undefined function")
1: ((:METHOD HUNCHENTOOT:HANDLE-REQUEST (HUNCHENTOOT:ACCEPTOR HUNCHENTOOT:REQUEST)) #<HUNCHENTOOT:EASY-ACCEPTOR (host *, port 80)> #<HUNCHENTOOT:REQUEST {1005ED93D3}>) [fast-method]
2: ((:METHOD HUNCHENTOOT:PROCESS-REQUEST (T)) #<HUNCHENTOOT:REQUEST {1005ED93D3}>) [fast-method]
3: (HUNCHENTOOT::DO-WITH-ACCEPTOR-REQUEST-COUNT-INCREMENTED #<HUNCHENTOOT:EASY-ACCEPTOR (host *, port 80)> #<CLOSURE (LAMBDA NIL :IN HUNCHENTOOT:PROCESS-CONNECTION) {1005D2AB5B}>)
4: ((:METHOD HUNCHENTOOT:PROCESS-CONNECTION (HUNCHENTOOT:ACCEPTOR T)) #<HUNCHENTOOT:EASY-ACCEPTOR (host *, port 80)> #<USOCKET:STREAM-USOCKET {100530C773}>) [fast-method]
5: ((:METHOD HUNCHENTOOT:PROCESS-CONNECTION :AROUND (HUNCHENTOOT:ACCEPTOR T)) #<HUNCHENTOOT:EASY-ACCEPTOR (host *, port 80)> #<USOCKET:STREAM-USOCKET {100530C773}>) [fast-method]
6: ((FLET HUNCHENTOOT::PROCESS-CONNECTION% :IN HUNCHENTOOT::HANDLE-INCOMING-CONNECTION%) #<HUNCHENTOOT:EASY-ACCEPTOR (host *, port 80)> #<USOCKET:STREAM-USOCKET {100530C773}>)
7: ((LAMBDA NIL :IN BORDEAUX-THREADS::BINDING-DEFAULT-SPECIALS))
8: ((FLET SB-UNIX::BODY :IN SB-THREAD::NEW-LISP-THREAD-TRAMPOLINE))
9: ((FLET "WITHOUT-INTERRUPTS-BODY-4" :IN SB-THREAD::NEW-LISP-THREAD-TRAMPOLINE))
10: ((FLET SB-THREAD::WITH-MUTEX-THUNK :IN SB-THREAD::NEW-LISP-THREAD-TRAMPOLINE))
11: ((FLET "WITHOUT-INTERRUPTS-BODY-1" :IN SB-THREAD::CALL-WITH-MUTEX))
12: (SB-THREAD::CALL-WITH-MUTEX #<CLOSURE (FLET SB-THREAD::WITH-MUTEX-THUNK :IN SB-THREAD::NEW-LISP-THREAD-TRAMPOLINE) {3D6FBEB}> #<SB-THREAD:MUTEX "thread result lock" owner: #<SB-THREAD:THREAD "hunchentoot-worker-192.168.123.254:60889" RUNNING {10053119A3}>> NIL T NIL)
13: (SB-THREAD::NEW-LISP-THREAD-TRAMPOLINE #<SB-THREAD:THREAD "hunchentoot-worker-192.168.123.254:60889" RUNNING {10053119A3}> NIL #<CLOSURE (LAMBDA NIL :IN BORDEAUX-THREADS::BINDING-DEFAULT-SPECIALS) {100531192B}> NIL)
14: ("foreign function: #x43270B")
15: ("foreign function: #x403F08")

[2020-05-28 07:15:47 [ERROR]] The function COMMON-LISP-USER::CREATE-INDEX is
                              undefined.
Backtrace for: #<SB-THREAD:THREAD "hunchentoot-worker-192.168.123.254:60889" RUNNING {10053119A3}>
0: ("undefined function")
1: ((:METHOD HUNCHENTOOT:HANDLE-REQUEST (HUNCHENTOOT:ACCEPTOR HUNCHENTOOT:REQUEST)) #<HUNCHENTOOT:EASY-ACCEPTOR (host *, port 80)> #<HUNCHENTOOT:REQUEST {1003F5D703}>) [fast-method]
2: ((:METHOD HUNCHENTOOT:PROCESS-REQUEST (T)) #<HUNCHENTOOT:REQUEST {1003F5D703}>) [fast-method]
3: (HUNCHENTOOT::DO-WITH-ACCEPTOR-REQUEST-COUNT-INCREMENTED #<HUNCHENTOOT:EASY-ACCEPTOR (host *, port 80)> #<CLOSURE (LAMBDA NIL :IN HUNCHENTOOT:PROCESS-CONNECTION) {1003F5CC3B}>)
4: ((:METHOD HUNCHENTOOT:PROCESS-CONNECTION (HUNCHENTOOT:ACCEPTOR T)) #<HUNCHENTOOT:EASY-ACCEPTOR (host *, port 80)> #<USOCKET:STREAM-USOCKET {100530C773}>) [fast-method]
5: ((:METHOD HUNCHENTOOT:PROCESS-CONNECTION :AROUND (HUNCHENTOOT:ACCEPTOR T)) #<HUNCHENTOOT:EASY-ACCEPTOR (host *, port 80)> #<USOCKET:STREAM-USOCKET {100530C773}>) [fast-method]
6: ((FLET HUNCHENTOOT::PROCESS-CONNECTION% :IN HUNCHENTOOT::HANDLE-INCOMING-CONNECTION%) #<HUNCHENTOOT:EASY-ACCEPTOR (host *, port 80)> #<USOCKET:STREAM-USOCKET {100530C773}>)
7: ((LAMBDA NIL :IN BORDEAUX-THREADS::BINDING-DEFAULT-SPECIALS))
8: ((FLET SB-UNIX::BODY :IN SB-THREAD::NEW-LISP-THREAD-TRAMPOLINE))
9: ((FLET "WITHOUT-INTERRUPTS-BODY-4" :IN SB-THREAD::NEW-LISP-THREAD-TRAMPOLINE))
10: ((FLET SB-THREAD::WITH-MUTEX-THUNK :IN SB-THREAD::NEW-LISP-THREAD-TRAMPOLINE))
11: ((FLET "WITHOUT-INTERRUPTS-BODY-1" :IN SB-THREAD::CALL-WITH-MUTEX))
12: (SB-THREAD::CALL-WITH-MUTEX #<CLOSURE (FLET SB-THREAD::WITH-MUTEX-THUNK :IN SB-THREAD::NEW-LISP-THREAD-TRAMPOLINE) {3D6FBEB}> #<SB-THREAD:MUTEX "thread result lock" owner: #<SB-THREAD:THREAD "hunchentoot-worker-192.168.123.254:60889" RUNNING {10053119A3}>> NIL T NIL)
13: (SB-THREAD::NEW-LISP-THREAD-TRAMPOLINE #<SB-THREAD:THREAD "hunchentoot-worker-192.168.123.254:60889" RUNNING {10053119A3}> NIL #<CLOSURE (LAMBDA NIL :IN BORDEAUX-THREADS::BINDING-DEFAULT-SPECIALS) {100531192B}> NIL)
14: ("foreign function: #x43270B")
15: ("foreign function: #x403F08")

[2020-05-28 08:09:14 [ERROR]] The function COMMON-LISP-USER::CREATE-INDEX is
                              undefined.
Backtrace for: #<SB-THREAD:THREAD "hunchentoot-worker-192.168.123.254:61358" RUNNING {1004499F83}>
0: ("undefined function")
1: ((:METHOD HUNCHENTOOT:HANDLE-REQUEST (HUNCHENTOOT:ACCEPTOR HUNCHENTOOT:REQUEST)) #<HUNCHENTOOT:EASY-ACCEPTOR (host *, port 80)> #<HUNCHENTOOT:REQUEST {10050593D3}>) [fast-method]
2: ((:METHOD HUNCHENTOOT:PROCESS-REQUEST (T)) #<HUNCHENTOOT:REQUEST {10050593D3}>) [fast-method]
3: (HUNCHENTOOT::DO-WITH-ACCEPTOR-REQUEST-COUNT-INCREMENTED #<HUNCHENTOOT:EASY-ACCEPTOR (host *, port 80)> #<CLOSURE (LAMBDA NIL :IN HUNCHENTOOT:PROCESS-CONNECTION) {1004EAA65B}>)
4: ((:METHOD HUNCHENTOOT:PROCESS-CONNECTION (HUNCHENTOOT:ACCEPTOR T)) #<HUNCHENTOOT:EASY-ACCEPTOR (host *, port 80)> #<USOCKET:STREAM-USOCKET {1004494D63}>) [fast-method]
5: ((:METHOD HUNCHENTOOT:PROCESS-CONNECTION :AROUND (HUNCHENTOOT:ACCEPTOR T)) #<HUNCHENTOOT:EASY-ACCEPTOR (host *, port 80)> #<USOCKET:STREAM-USOCKET {1004494D63}>) [fast-method]
6: ((FLET HUNCHENTOOT::PROCESS-CONNECTION% :IN HUNCHENTOOT::HANDLE-INCOMING-CONNECTION%) #<HUNCHENTOOT:EASY-ACCEPTOR (host *, port 80)> #<USOCKET:STREAM-USOCKET {1004494D63}>)
7: ((LAMBDA NIL :IN BORDEAUX-THREADS::BINDING-DEFAULT-SPECIALS))
8: ((FLET SB-UNIX::BODY :IN SB-THREAD::NEW-LISP-THREAD-TRAMPOLINE))
9: ((FLET "WITHOUT-INTERRUPTS-BODY-4" :IN SB-THREAD::NEW-LISP-THREAD-TRAMPOLINE))
10: ((FLET SB-THREAD::WITH-MUTEX-THUNK :IN SB-THREAD::NEW-LISP-THREAD-TRAMPOLINE))
11: ((FLET "WITHOUT-INTERRUPTS-BODY-1" :IN SB-THREAD::CALL-WITH-MUTEX))
12: (SB-THREAD::CALL-WITH-MUTEX #<CLOSURE (FLET SB-THREAD::WITH-MUTEX-THUNK :IN SB-THREAD::NEW-LISP-THREAD-TRAMPOLINE) {3D1FBEB}> #<SB-THREAD:MUTEX "thread result lock" owner: #<SB-THREAD:THREAD "hunchentoot-worker-192.168.123.254:61358" RUNNING {1004499F83}>> NIL T NIL)
13: (SB-THREAD::NEW-LISP-THREAD-TRAMPOLINE #<SB-THREAD:THREAD "hunchentoot-worker-192.168.123.254:61358" RUNNING {1004499F83}> NIL #<CLOSURE (LAMBDA NIL :IN BORDEAUX-THREADS::BINDING-DEFAULT-SPECIALS) {1004499F0B}> NIL)
14: ("foreign function: #x43270B")
15: ("foreign function: #x403F08")

[2020-05-28 08:10:35 [ERROR]] The function COMMON-LISP-USER::CREATE-INDEX is
                              undefined.
Backtrace for: #<SB-THREAD:THREAD "hunchentoot-worker-192.168.123.254:61358" RUNNING {1004499F83}>
0: ("undefined function")
1: ((:METHOD HUNCHENTOOT:HANDLE-REQUEST (HUNCHENTOOT:ACCEPTOR HUNCHENTOOT:REQUEST)) #<HUNCHENTOOT:EASY-ACCEPTOR (host *, port 80)> #<HUNCHENTOOT:REQUEST {10062B7C53}>) [fast-method]
2: ((:METHOD HUNCHENTOOT:PROCESS-REQUEST (T)) #<HUNCHENTOOT:REQUEST {10062B7C53}>) [fast-method]
3: (HUNCHENTOOT::DO-WITH-ACCEPTOR-REQUEST-COUNT-INCREMENTED #<HUNCHENTOOT:EASY-ACCEPTOR (host *, port 80)> #<CLOSURE (LAMBDA NIL :IN HUNCHENTOOT:PROCESS-CONNECTION) {10062B6C2B}>)
4: ((:METHOD HUNCHENTOOT:PROCESS-CONNECTION (HUNCHENTOOT:ACCEPTOR T)) #<HUNCHENTOOT:EASY-ACCEPTOR (host *, port 80)> #<USOCKET:STREAM-USOCKET {1004494D63}>) [fast-method]
5: ((:METHOD HUNCHENTOOT:PROCESS-CONNECTION :AROUND (HUNCHENTOOT:ACCEPTOR T)) #<HUNCHENTOOT:EASY-ACCEPTOR (host *, port 80)> #<USOCKET:STREAM-USOCKET {1004494D63}>) [fast-method]
6: ((FLET HUNCHENTOOT::PROCESS-CONNECTION% :IN HUNCHENTOOT::HANDLE-INCOMING-CONNECTION%) #<HUNCHENTOOT:EASY-ACCEPTOR (host *, port 80)> #<USOCKET:STREAM-USOCKET {1004494D63}>)
7: ((LAMBDA NIL :IN BORDEAUX-THREADS::BINDING-DEFAULT-SPECIALS))
8: ((FLET SB-UNIX::BODY :IN SB-THREAD::NEW-LISP-THREAD-TRAMPOLINE))
9: ((FLET "WITHOUT-INTERRUPTS-BODY-4" :IN SB-THREAD::NEW-LISP-THREAD-TRAMPOLINE))
10: ((FLET SB-THREAD::WITH-MUTEX-THUNK :IN SB-THREAD::NEW-LISP-THREAD-TRAMPOLINE))
11: ((FLET "WITHOUT-INTERRUPTS-BODY-1" :IN SB-THREAD::CALL-WITH-MUTEX))
12: (SB-THREAD::CALL-WITH-MUTEX #<CLOSURE (FLET SB-THREAD::WITH-MUTEX-THUNK :IN SB-THREAD::NEW-LISP-THREAD-TRAMPOLINE) {3D1FBEB}> #<SB-THREAD:MUTEX "thread result lock" owner: #<SB-THREAD:THREAD "hunchentoot-worker-192.168.123.254:61358" RUNNING {1004499F83}>> NIL T NIL)
13: (SB-THREAD::NEW-LISP-THREAD-TRAMPOLINE #<SB-THREAD:THREAD "hunchentoot-worker-192.168.123.254:61358" RUNNING {1004499F83}> NIL #<CLOSURE (LAMBDA NIL :IN BORDEAUX-THREADS::BINDING-DEFAULT-SPECIALS) {1004499F0B}> NIL)
14: ("foreign function: #x43270B")
15: ("foreign function: #x403F08")

[2020-05-28 08:10:48 [ERROR]] The function COMMON-LISP-USER::CREATE-INDEX is
                              undefined.
Backtrace for: #<SB-THREAD:THREAD "hunchentoot-worker-192.168.123.254:61386" RUNNING {1004499F83}>
0: ("undefined function")
1: ((:METHOD HUNCHENTOOT:HANDLE-REQUEST (HUNCHENTOOT:ACCEPTOR HUNCHENTOOT:REQUEST)) #<HUNCHENTOOT:EASY-ACCEPTOR (host *, port 80)> #<HUNCHENTOOT:REQUEST {10050599B3}>) [fast-method]
2: ((:METHOD HUNCHENTOOT:PROCESS-REQUEST (T)) #<HUNCHENTOOT:REQUEST {10050599B3}>) [fast-method]
3: (HUNCHENTOOT::DO-WITH-ACCEPTOR-REQUEST-COUNT-INCREMENTED #<HUNCHENTOOT:EASY-ACCEPTOR (host *, port 80)> #<CLOSURE (LAMBDA NIL :IN HUNCHENTOOT:PROCESS-CONNECTION) {1004EAA97B}>)
4: ((:METHOD HUNCHENTOOT:PROCESS-CONNECTION (HUNCHENTOOT:ACCEPTOR T)) #<HUNCHENTOOT:EASY-ACCEPTOR (host *, port 80)> #<USOCKET:STREAM-USOCKET {1004494D63}>) [fast-method]
5: ((:METHOD HUNCHENTOOT:PROCESS-CONNECTION :AROUND (HUNCHENTOOT:ACCEPTOR T)) #<HUNCHENTOOT:EASY-ACCEPTOR (host *, port 80)> #<USOCKET:STREAM-USOCKET {1004494D63}>) [fast-method]
6: ((FLET HUNCHENTOOT::PROCESS-CONNECTION% :IN HUNCHENTOOT::HANDLE-INCOMING-CONNECTION%) #<HUNCHENTOOT:EASY-ACCEPTOR (host *, port 80)> #<USOCKET:STREAM-USOCKET {1004494D63}>)
7: ((LAMBDA NIL :IN BORDEAUX-THREADS::BINDING-DEFAULT-SPECIALS))
8: ((FLET SB-UNIX::BODY :IN SB-THREAD::NEW-LISP-THREAD-TRAMPOLINE))
9: ((FLET "WITHOUT-INTERRUPTS-BODY-4" :IN SB-THREAD::NEW-LISP-THREAD-TRAMPOLINE))
10: ((FLET SB-THREAD::WITH-MUTEX-THUNK :IN SB-THREAD::NEW-LISP-THREAD-TRAMPOLINE))
11: ((FLET "WITHOUT-INTERRUPTS-BODY-1" :IN SB-THREAD::CALL-WITH-MUTEX))
12: (SB-THREAD::CALL-WITH-MUTEX #<CLOSURE (FLET SB-THREAD::WITH-MUTEX-THUNK :IN SB-THREAD::NEW-LISP-THREAD-TRAMPOLINE) {3D1FBEB}> #<SB-THREAD:MUTEX "thread result lock" owner: #<SB-THREAD:THREAD "hunchentoot-worker-192.168.123.254:61386" RUNNING {1004499F83}>> NIL T NIL)
13: (SB-THREAD::NEW-LISP-THREAD-TRAMPOLINE #<SB-THREAD:THREAD "hunchentoot-worker-192.168.123.254:61386" RUNNING {1004499F83}> NIL #<CLOSURE (LAMBDA NIL :IN BORDEAUX-THREADS::BINDING-DEFAULT-SPECIALS) {1004499F0B}> NIL)
14: ("foreign function: #x43270B")
15: ("foreign function: #x403F08")

[2020-05-28 08:10:49 [ERROR]] The function COMMON-LISP-USER::CREATE-INDEX is
                              undefined.
Backtrace for: #<SB-THREAD:THREAD "hunchentoot-worker-192.168.123.254:61386" RUNNING {1004499F83}>
0: ("undefined function")
1: ((:METHOD HUNCHENTOOT:HANDLE-REQUEST (HUNCHENTOOT:ACCEPTOR HUNCHENTOOT:REQUEST)) #<HUNCHENTOOT:EASY-ACCEPTOR (host *, port 80)> #<HUNCHENTOOT:REQUEST {10062B22C3}>) [fast-method]
2: ((:METHOD HUNCHENTOOT:PROCESS-REQUEST (T)) #<HUNCHENTOOT:REQUEST {10062B22C3}>) [fast-method]
3: (HUNCHENTOOT::DO-WITH-ACCEPTOR-REQUEST-COUNT-INCREMENTED #<HUNCHENTOOT:EASY-ACCEPTOR (host *, port 80)> #<CLOSURE (LAMBDA NIL :IN HUNCHENTOOT:PROCESS-CONNECTION) {10062B129B}>)
4: ((:METHOD HUNCHENTOOT:PROCESS-CONNECTION (HUNCHENTOOT:ACCEPTOR T)) #<HUNCHENTOOT:EASY-ACCEPTOR (host *, port 80)> #<USOCKET:STREAM-USOCKET {1004494D63}>) [fast-method]
5: ((:METHOD HUNCHENTOOT:PROCESS-CONNECTION :AROUND (HUNCHENTOOT:ACCEPTOR T)) #<HUNCHENTOOT:EASY-ACCEPTOR (host *, port 80)> #<USOCKET:STREAM-USOCKET {1004494D63}>) [fast-method]
6: ((FLET HUNCHENTOOT::PROCESS-CONNECTION% :IN HUNCHENTOOT::HANDLE-INCOMING-CONNECTION%) #<HUNCHENTOOT:EASY-ACCEPTOR (host *, port 80)> #<USOCKET:STREAM-USOCKET {1004494D63}>)
7: ((LAMBDA NIL :IN BORDEAUX-THREADS::BINDING-DEFAULT-SPECIALS))
8: ((FLET SB-UNIX::BODY :IN SB-THREAD::NEW-LISP-THREAD-TRAMPOLINE))
9: ((FLET "WITHOUT-INTERRUPTS-BODY-4" :IN SB-THREAD::NEW-LISP-THREAD-TRAMPOLINE))
10: ((FLET SB-THREAD::WITH-MUTEX-THUNK :IN SB-THREAD::NEW-LISP-THREAD-TRAMPOLINE))
11: ((FLET "WITHOUT-INTERRUPTS-BODY-1" :IN SB-THREAD::CALL-WITH-MUTEX))
12: (SB-THREAD::CALL-WITH-MUTEX #<CLOSURE (FLET SB-THREAD::WITH-MUTEX-THUNK :IN SB-THREAD::NEW-LISP-THREAD-TRAMPOLINE) {3D1FBEB}> #<SB-THREAD:MUTEX "thread result lock" owner: #<SB-THREAD:THREAD "hunchentoot-worker-192.168.123.254:61386" RUNNING {1004499F83}>> NIL T NIL)
13: (SB-THREAD::NEW-LISP-THREAD-TRAMPOLINE #<SB-THREAD:THREAD "hunchentoot-worker-192.168.123.254:61386" RUNNING {1004499F83}> NIL #<CLOSURE (LAMBDA NIL :IN BORDEAUX-THREADS::BINDING-DEFAULT-SPECIALS) {1004499F0B}> NIL)
14: ("foreign function: #x43270B")
15: ("foreign function: #x403F08")

[2020-05-28 08:10:49 [ERROR]] The function COMMON-LISP-USER::CREATE-INDEX is
                              undefined.
Backtrace for: #<SB-THREAD:THREAD "hunchentoot-worker-192.168.123.254:61386" RUNNING {1004499F83}>
0: ("undefined function")
1: ((:METHOD HUNCHENTOOT:HANDLE-REQUEST (HUNCHENTOOT:ACCEPTOR HUNCHENTOOT:REQUEST)) #<HUNCHENTOOT:EASY-ACCEPTOR (host *, port 80)> #<HUNCHENTOOT:REQUEST {1006311413}>) [fast-method]
2: ((:METHOD HUNCHENTOOT:PROCESS-REQUEST (T)) #<HUNCHENTOOT:REQUEST {1006311413}>) [fast-method]
3: (HUNCHENTOOT::DO-WITH-ACCEPTOR-REQUEST-COUNT-INCREMENTED #<HUNCHENTOOT:EASY-ACCEPTOR (host *, port 80)> #<CLOSURE (LAMBDA NIL :IN HUNCHENTOOT:PROCESS-CONNECTION) {10063107DB}>)
4: ((:METHOD HUNCHENTOOT:PROCESS-CONNECTION (HUNCHENTOOT:ACCEPTOR T)) #<HUNCHENTOOT:EASY-ACCEPTOR (host *, port 80)> #<USOCKET:STREAM-USOCKET {1004494D63}>) [fast-method]
5: ((:METHOD HUNCHENTOOT:PROCESS-CONNECTION :AROUND (HUNCHENTOOT:ACCEPTOR T)) #<HUNCHENTOOT:EASY-ACCEPTOR (host *, port 80)> #<USOCKET:STREAM-USOCKET {1004494D63}>) [fast-method]
6: ((FLET HUNCHENTOOT::PROCESS-CONNECTION% :IN HUNCHENTOOT::HANDLE-INCOMING-CONNECTION%) #<HUNCHENTOOT:EASY-ACCEPTOR (host *, port 80)> #<USOCKET:STREAM-USOCKET {1004494D63}>)
7: ((LAMBDA NIL :IN BORDEAUX-THREADS::BINDING-DEFAULT-SPECIALS))
8: ((FLET SB-UNIX::BODY :IN SB-THREAD::NEW-LISP-THREAD-TRAMPOLINE))
9: ((FLET "WITHOUT-INTERRUPTS-BODY-4" :IN SB-THREAD::NEW-LISP-THREAD-TRAMPOLINE))
10: ((FLET SB-THREAD::WITH-MUTEX-THUNK :IN SB-THREAD::NEW-LISP-THREAD-TRAMPOLINE))
11: ((FLET "WITHOUT-INTERRUPTS-BODY-1" :IN SB-THREAD::CALL-WITH-MUTEX))
12: (SB-THREAD::CALL-WITH-MUTEX #<CLOSURE (FLET SB-THREAD::WITH-MUTEX-THUNK :IN SB-THREAD::NEW-LISP-THREAD-TRAMPOLINE) {3D1FBEB}> #<SB-THREAD:MUTEX "thread result lock" owner: #<SB-THREAD:THREAD "hunchentoot-worker-192.168.123.254:61386" RUNNING {1004499F83}>> NIL T NIL)
13: (SB-THREAD::NEW-LISP-THREAD-TRAMPOLINE #<SB-THREAD:THREAD "hunchentoot-worker-192.168.123.254:61386" RUNNING {1004499F83}> NIL #<CLOSURE (LAMBDA NIL :IN BORDEAUX-THREADS::BINDING-DEFAULT-SPECIALS) {1004499F0B}> NIL)
14: ("foreign function: #x43270B")
15: ("foreign function: #x403F08")

[2020-05-28 08:10:49 [ERROR]] The function COMMON-LISP-USER::CREATE-INDEX is
                              undefined.
Backtrace for: #<SB-THREAD:THREAD "hunchentoot-worker-192.168.123.254:61386" RUNNING {1004499F83}>
0: ("undefined function")
1: ((:METHOD HUNCHENTOOT:HANDLE-REQUEST (HUNCHENTOOT:ACCEPTOR HUNCHENTOOT:REQUEST)) #<HUNCHENTOOT:EASY-ACCEPTOR (host *, port 80)> #<HUNCHENTOOT:REQUEST {1006367AB3}>) [fast-method]
2: ((:METHOD HUNCHENTOOT:PROCESS-REQUEST (T)) #<HUNCHENTOOT:REQUEST {1006367AB3}>) [fast-method]
3: (HUNCHENTOOT::DO-WITH-ACCEPTOR-REQUEST-COUNT-INCREMENTED #<HUNCHENTOOT:EASY-ACCEPTOR (host *, port 80)> #<CLOSURE (LAMBDA NIL :IN HUNCHENTOOT:PROCESS-CONNECTION) {1006366FEB}>)
4: ((:METHOD HUNCHENTOOT:PROCESS-CONNECTION (HUNCHENTOOT:ACCEPTOR T)) #<HUNCHENTOOT:EASY-ACCEPTOR (host *, port 80)> #<USOCKET:STREAM-USOCKET {1004494D63}>) [fast-method]
5: ((:METHOD HUNCHENTOOT:PROCESS-CONNECTION :AROUND (HUNCHENTOOT:ACCEPTOR T)) #<HUNCHENTOOT:EASY-ACCEPTOR (host *, port 80)> #<USOCKET:STREAM-USOCKET {1004494D63}>) [fast-method]
6: ((FLET HUNCHENTOOT::PROCESS-CONNECTION% :IN HUNCHENTOOT::HANDLE-INCOMING-CONNECTION%) #<HUNCHENTOOT:EASY-ACCEPTOR (host *, port 80)> #<USOCKET:STREAM-USOCKET {1004494D63}>)
7: ((LAMBDA NIL :IN BORDEAUX-THREADS::BINDING-DEFAULT-SPECIALS))
8: ((FLET SB-UNIX::BODY :IN SB-THREAD::NEW-LISP-THREAD-TRAMPOLINE))
9: ((FLET "WITHOUT-INTERRUPTS-BODY-4" :IN SB-THREAD::NEW-LISP-THREAD-TRAMPOLINE))
10: ((FLET SB-THREAD::WITH-MUTEX-THUNK :IN SB-THREAD::NEW-LISP-THREAD-TRAMPOLINE))
11: ((FLET "WITHOUT-INTERRUPTS-BODY-1" :IN SB-THREAD::CALL-WITH-MUTEX))
12: (SB-THREAD::CALL-WITH-MUTEX #<CLOSURE (FLET SB-THREAD::WITH-MUTEX-THUNK :IN SB-THREAD::NEW-LISP-THREAD-TRAMPOLINE) {3D1FBEB}> #<SB-THREAD:MUTEX "thread result lock" owner: #<SB-THREAD:THREAD "hunchentoot-worker-192.168.123.254:61386" RUNNING {1004499F83}>> NIL T NIL)
13: (SB-THREAD::NEW-LISP-THREAD-TRAMPOLINE #<SB-THREAD:THREAD "hunchentoot-worker-192.168.123.254:61386" RUNNING {1004499F83}> NIL #<CLOSURE (LAMBDA NIL :IN BORDEAUX-THREADS::BINDING-DEFAULT-SPECIALS) {1004499F0B}> NIL)
14: ("foreign function: #x43270B")
15: ("foreign function: #x403F08")

[2020-05-28 08:10:49 [ERROR]] The function COMMON-LISP-USER::CREATE-INDEX is
                              undefined.
Backtrace for: #<SB-THREAD:THREAD "hunchentoot-worker-192.168.123.254:61386" RUNNING {1004499F83}>
0: ("undefined function")
1: ((:METHOD HUNCHENTOOT:HANDLE-REQUEST (HUNCHENTOOT:ACCEPTOR HUNCHENTOOT:REQUEST)) #<HUNCHENTOOT:EASY-ACCEPTOR (host *, port 80)> #<HUNCHENTOOT:REQUEST {10063B2553}>) [fast-method]
2: ((:METHOD HUNCHENTOOT:PROCESS-REQUEST (T)) #<HUNCHENTOOT:REQUEST {10063B2553}>) [fast-method]
3: (HUNCHENTOOT::DO-WITH-ACCEPTOR-REQUEST-COUNT-INCREMENTED #<HUNCHENTOOT:EASY-ACCEPTOR (host *, port 80)> #<CLOSURE (LAMBDA NIL :IN HUNCHENTOOT:PROCESS-CONNECTION) {10063B1A8B}>)
4: ((:METHOD HUNCHENTOOT:PROCESS-CONNECTION (HUNCHENTOOT:ACCEPTOR T)) #<HUNCHENTOOT:EASY-ACCEPTOR (host *, port 80)> #<USOCKET:STREAM-USOCKET {1004494D63}>) [fast-method]
5: ((:METHOD HUNCHENTOOT:PROCESS-CONNECTION :AROUND (HUNCHENTOOT:ACCEPTOR T)) #<HUNCHENTOOT:EASY-ACCEPTOR (host *, port 80)> #<USOCKET:STREAM-USOCKET {1004494D63}>) [fast-method]
6: ((FLET HUNCHENTOOT::PROCESS-CONNECTION% :IN HUNCHENTOOT::HANDLE-INCOMING-CONNECTION%) #<HUNCHENTOOT:EASY-ACCEPTOR (host *, port 80)> #<USOCKET:STREAM-USOCKET {1004494D63}>)
7: ((LAMBDA NIL :IN BORDEAUX-THREADS::BINDING-DEFAULT-SPECIALS))
8: ((FLET SB-UNIX::BODY :IN SB-THREAD::NEW-LISP-THREAD-TRAMPOLINE))
9: ((FLET "WITHOUT-INTERRUPTS-BODY-4" :IN SB-THREAD::NEW-LISP-THREAD-TRAMPOLINE))
10: ((FLET SB-THREAD::WITH-MUTEX-THUNK :IN SB-THREAD::NEW-LISP-THREAD-TRAMPOLINE))
11: ((FLET "WITHOUT-INTERRUPTS-BODY-1" :IN SB-THREAD::CALL-WITH-MUTEX))
12: (SB-THREAD::CALL-WITH-MUTEX #<CLOSURE (FLET SB-THREAD::WITH-MUTEX-THUNK :IN SB-THREAD::NEW-LISP-THREAD-TRAMPOLINE) {3D1FBEB}> #<SB-THREAD:MUTEX "thread result lock" owner: #<SB-THREAD:THREAD "hunchentoot-worker-192.168.123.254:61386" RUNNING {1004499F83}>> NIL T NIL)
13: (SB-THREAD::NEW-LISP-THREAD-TRAMPOLINE #<SB-THREAD:THREAD "hunchentoot-worker-192.168.123.254:61386" RUNNING {1004499F83}> NIL #<CLOSURE (LAMBDA NIL :IN BORDEAUX-THREADS::BINDING-DEFAULT-SPECIALS) {1004499F0B}> NIL)
14: ("foreign function: #x43270B")
15: ("foreign function: #x403F08")

[2020-05-28 08:10:50 [ERROR]] The function COMMON-LISP-USER::CREATE-INDEX is
                              undefined.
Backtrace for: #<SB-THREAD:THREAD "hunchentoot-worker-192.168.123.254:61386" RUNNING {1004499F83}>
0: ("undefined function")
1: ((:METHOD HUNCHENTOOT:HANDLE-REQUEST (HUNCHENTOOT:ACCEPTOR HUNCHENTOOT:REQUEST)) #<HUNCHENTOOT:EASY-ACCEPTOR (host *, port 80)> #<HUNCHENTOOT:REQUEST {10063FE813}>) [fast-method]
2: ((:METHOD HUNCHENTOOT:PROCESS-REQUEST (T)) #<HUNCHENTOOT:REQUEST {10063FE813}>) [fast-method]
3: (HUNCHENTOOT::DO-WITH-ACCEPTOR-REQUEST-COUNT-INCREMENTED #<HUNCHENTOOT:EASY-ACCEPTOR (host *, port 80)> #<CLOSURE (LAMBDA NIL :IN HUNCHENTOOT:PROCESS-CONNECTION) {10063FDD4B}>)
4: ((:METHOD HUNCHENTOOT:PROCESS-CONNECTION (HUNCHENTOOT:ACCEPTOR T)) #<HUNCHENTOOT:EASY-ACCEPTOR (host *, port 80)> #<USOCKET:STREAM-USOCKET {1004494D63}>) [fast-method]
5: ((:METHOD HUNCHENTOOT:PROCESS-CONNECTION :AROUND (HUNCHENTOOT:ACCEPTOR T)) #<HUNCHENTOOT:EASY-ACCEPTOR (host *, port 80)> #<USOCKET:STREAM-USOCKET {1004494D63}>) [fast-method]
6: ((FLET HUNCHENTOOT::PROCESS-CONNECTION% :IN HUNCHENTOOT::HANDLE-INCOMING-CONNECTION%) #<HUNCHENTOOT:EASY-ACCEPTOR (host *, port 80)> #<USOCKET:STREAM-USOCKET {1004494D63}>)
7: ((LAMBDA NIL :IN BORDEAUX-THREADS::BINDING-DEFAULT-SPECIALS))
8: ((FLET SB-UNIX::BODY :IN SB-THREAD::NEW-LISP-THREAD-TRAMPOLINE))
9: ((FLET "WITHOUT-INTERRUPTS-BODY-4" :IN SB-THREAD::NEW-LISP-THREAD-TRAMPOLINE))
10: ((FLET SB-THREAD::WITH-MUTEX-THUNK :IN SB-THREAD::NEW-LISP-THREAD-TRAMPOLINE))
11: ((FLET "WITHOUT-INTERRUPTS-BODY-1" :IN SB-THREAD::CALL-WITH-MUTEX))
12: (SB-THREAD::CALL-WITH-MUTEX #<CLOSURE (FLET SB-THREAD::WITH-MUTEX-THUNK :IN SB-THREAD::NEW-LISP-THREAD-TRAMPOLINE) {3D1FBEB}> #<SB-THREAD:MUTEX "thread result lock" owner: #<SB-THREAD:THREAD "hunchentoot-worker-192.168.123.254:61386" RUNNING {1004499F83}>> NIL T NIL)
13: (SB-THREAD::NEW-LISP-THREAD-TRAMPOLINE #<SB-THREAD:THREAD "hunchentoot-worker-192.168.123.254:61386" RUNNING {1004499F83}> NIL #<CLOSURE (LAMBDA NIL :IN BORDEAUX-THREADS::BINDING-DEFAULT-SPECIALS) {1004499F0B}> NIL)
14: ("foreign function: #x43270B")
15: ("foreign function: #x403F08")

[2020-05-28 08:10:50 [ERROR]] The function COMMON-LISP-USER::CREATE-INDEX is
                              undefined.
Backtrace for: #<SB-THREAD:THREAD "hunchentoot-worker-192.168.123.254:61386" RUNNING {1004499F83}>
0: ("undefined function")
1: ((:METHOD HUNCHENTOOT:HANDLE-REQUEST (HUNCHENTOOT:ACCEPTOR HUNCHENTOOT:REQUEST)) #<HUNCHENTOOT:EASY-ACCEPTOR (host *, port 80)> #<HUNCHENTOOT:REQUEST {1006448B63}>) [fast-method]
2: ((:METHOD HUNCHENTOOT:PROCESS-REQUEST (T)) #<HUNCHENTOOT:REQUEST {1006448B63}>) [fast-method]
3: (HUNCHENTOOT::DO-WITH-ACCEPTOR-REQUEST-COUNT-INCREMENTED #<HUNCHENTOOT:EASY-ACCEPTOR (host *, port 80)> #<CLOSURE (LAMBDA NIL :IN HUNCHENTOOT:PROCESS-CONNECTION) {100644809B}>)
4: ((:METHOD HUNCHENTOOT:PROCESS-CONNECTION (HUNCHENTOOT:ACCEPTOR T)) #<HUNCHENTOOT:EASY-ACCEPTOR (host *, port 80)> #<USOCKET:STREAM-USOCKET {1004494D63}>) [fast-method]
5: ((:METHOD HUNCHENTOOT:PROCESS-CONNECTION :AROUND (HUNCHENTOOT:ACCEPTOR T)) #<HUNCHENTOOT:EASY-ACCEPTOR (host *, port 80)> #<USOCKET:STREAM-USOCKET {1004494D63}>) [fast-method]
6: ((FLET HUNCHENTOOT::PROCESS-CONNECTION% :IN HUNCHENTOOT::HANDLE-INCOMING-CONNECTION%) #<HUNCHENTOOT:EASY-ACCEPTOR (host *, port 80)> #<USOCKET:STREAM-USOCKET {1004494D63}>)
7: ((LAMBDA NIL :IN BORDEAUX-THREADS::BINDING-DEFAULT-SPECIALS))
8: ((FLET SB-UNIX::BODY :IN SB-THREAD::NEW-LISP-THREAD-TRAMPOLINE))
9: ((FLET "WITHOUT-INTERRUPTS-BODY-4" :IN SB-THREAD::NEW-LISP-THREAD-TRAMPOLINE))
10: ((FLET SB-THREAD::WITH-MUTEX-THUNK :IN SB-THREAD::NEW-LISP-THREAD-TRAMPOLINE))
11: ((FLET "WITHOUT-INTERRUPTS-BODY-1" :IN SB-THREAD::CALL-WITH-MUTEX))
12: (SB-THREAD::CALL-WITH-MUTEX #<CLOSURE (FLET SB-THREAD::WITH-MUTEX-THUNK :IN SB-THREAD::NEW-LISP-THREAD-TRAMPOLINE) {3D1FBEB}> #<SB-THREAD:MUTEX "thread result lock" owner: #<SB-THREAD:THREAD "hunchentoot-worker-192.168.123.254:61386" RUNNING {1004499F83}>> NIL T NIL)
13: (SB-THREAD::NEW-LISP-THREAD-TRAMPOLINE #<SB-THREAD:THREAD "hunchentoot-worker-192.168.123.254:61386" RUNNING {1004499F83}> NIL #<CLOSURE (LAMBDA NIL :IN BORDEAUX-THREADS::BINDING-DEFAULT-SPECIALS) {1004499F0B}> NIL)
14: ("foreign function: #x43270B")
15: ("foreign function: #x403F08")

[2020-05-28 08:10:50 [ERROR]] The function COMMON-LISP-USER::CREATE-INDEX is
                              undefined.
Backtrace for: #<SB-THREAD:THREAD "hunchentoot-worker-192.168.123.254:61386" RUNNING {1004499F83}>
0: ("undefined function")
1: ((:METHOD HUNCHENTOOT:HANDLE-REQUEST (HUNCHENTOOT:ACCEPTOR HUNCHENTOOT:REQUEST)) #<HUNCHENTOOT:EASY-ACCEPTOR (host *, port 80)> #<HUNCHENTOOT:REQUEST {1006494303}>) [fast-method]
2: ((:METHOD HUNCHENTOOT:PROCESS-REQUEST (T)) #<HUNCHENTOOT:REQUEST {1006494303}>) [fast-method]
3: (HUNCHENTOOT::DO-WITH-ACCEPTOR-REQUEST-COUNT-INCREMENTED #<HUNCHENTOOT:EASY-ACCEPTOR (host *, port 80)> #<CLOSURE (LAMBDA NIL :IN HUNCHENTOOT:PROCESS-CONNECTION) {100649383B}>)
4: ((:METHOD HUNCHENTOOT:PROCESS-CONNECTION (HUNCHENTOOT:ACCEPTOR T)) #<HUNCHENTOOT:EASY-ACCEPTOR (host *, port 80)> #<USOCKET:STREAM-USOCKET {1004494D63}>) [fast-method]
5: ((:METHOD HUNCHENTOOT:PROCESS-CONNECTION :AROUND (HUNCHENTOOT:ACCEPTOR T)) #<HUNCHENTOOT:EASY-ACCEPTOR (host *, port 80)> #<USOCKET:STREAM-USOCKET {1004494D63}>) [fast-method]
6: ((FLET HUNCHENTOOT::PROCESS-CONNECTION% :IN HUNCHENTOOT::HANDLE-INCOMING-CONNECTION%) #<HUNCHENTOOT:EASY-ACCEPTOR (host *, port 80)> #<USOCKET:STREAM-USOCKET {1004494D63}>)
7: ((LAMBDA NIL :IN BORDEAUX-THREADS::BINDING-DEFAULT-SPECIALS))
8: ((FLET SB-UNIX::BODY :IN SB-THREAD::NEW-LISP-THREAD-TRAMPOLINE))
9: ((FLET "WITHOUT-INTERRUPTS-BODY-4" :IN SB-THREAD::NEW-LISP-THREAD-TRAMPOLINE))
10: ((FLET SB-THREAD::WITH-MUTEX-THUNK :IN SB-THREAD::NEW-LISP-THREAD-TRAMPOLINE))
11: ((FLET "WITHOUT-INTERRUPTS-BODY-1" :IN SB-THREAD::CALL-WITH-MUTEX))
12: (SB-THREAD::CALL-WITH-MUTEX #<CLOSURE (FLET SB-THREAD::WITH-MUTEX-THUNK :IN SB-THREAD::NEW-LISP-THREAD-TRAMPOLINE) {3D1FBEB}> #<SB-THREAD:MUTEX "thread result lock" owner: #<SB-THREAD:THREAD "hunchentoot-worker-192.168.123.254:61386" RUNNING {1004499F83}>> NIL T NIL)
13: (SB-THREAD::NEW-LISP-THREAD-TRAMPOLINE #<SB-THREAD:THREAD "hunchentoot-worker-192.168.123.254:61386" RUNNING {1004499F83}> NIL #<CLOSURE (LAMBDA NIL :IN BORDEAUX-THREADS::BINDING-DEFAULT-SPECIALS) {1004499F0B}> NIL)
14: ("foreign function: #x43270B")
15: ("foreign function: #x403F08")

[2020-05-28 08:10:50 [ERROR]] The function COMMON-LISP-USER::CREATE-INDEX is
                              undefined.
Backtrace for: #<SB-THREAD:THREAD "hunchentoot-worker-192.168.123.254:61386" RUNNING {1004499F83}>
0: ("undefined function")
1: ((:METHOD HUNCHENTOOT:HANDLE-REQUEST (HUNCHENTOOT:ACCEPTOR HUNCHENTOOT:REQUEST)) #<HUNCHENTOOT:EASY-ACCEPTOR (host *, port 80)> #<HUNCHENTOOT:REQUEST {10064DEBF3}>) [fast-method]
2: ((:METHOD HUNCHENTOOT:PROCESS-REQUEST (T)) #<HUNCHENTOOT:REQUEST {10064DEBF3}>) [fast-method]
3: (HUNCHENTOOT::DO-WITH-ACCEPTOR-REQUEST-COUNT-INCREMENTED #<HUNCHENTOOT:EASY-ACCEPTOR (host *, port 80)> #<CLOSURE (LAMBDA NIL :IN HUNCHENTOOT:PROCESS-CONNECTION) {10064DE12B}>)
4: ((:METHOD HUNCHENTOOT:PROCESS-CONNECTION (HUNCHENTOOT:ACCEPTOR T)) #<HUNCHENTOOT:EASY-ACCEPTOR (host *, port 80)> #<USOCKET:STREAM-USOCKET {1004494D63}>) [fast-method]
5: ((:METHOD HUNCHENTOOT:PROCESS-CONNECTION :AROUND (HUNCHENTOOT:ACCEPTOR T)) #<HUNCHENTOOT:EASY-ACCEPTOR (host *, port 80)> #<USOCKET:STREAM-USOCKET {1004494D63}>) [fast-method]
6: ((FLET HUNCHENTOOT::PROCESS-CONNECTION% :IN HUNCHENTOOT::HANDLE-INCOMING-CONNECTION%) #<HUNCHENTOOT:EASY-ACCEPTOR (host *, port 80)> #<USOCKET:STREAM-USOCKET {1004494D63}>)
7: ((LAMBDA NIL :IN BORDEAUX-THREADS::BINDING-DEFAULT-SPECIALS))
8: ((FLET SB-UNIX::BODY :IN SB-THREAD::NEW-LISP-THREAD-TRAMPOLINE))
9: ((FLET "WITHOUT-INTERRUPTS-BODY-4" :IN SB-THREAD::NEW-LISP-THREAD-TRAMPOLINE))
10: ((FLET SB-THREAD::WITH-MUTEX-THUNK :IN SB-THREAD::NEW-LISP-THREAD-TRAMPOLINE))
11: ((FLET "WITHOUT-INTERRUPTS-BODY-1" :IN SB-THREAD::CALL-WITH-MUTEX))
12: (SB-THREAD::CALL-WITH-MUTEX #<CLOSURE (FLET SB-THREAD::WITH-MUTEX-THUNK :IN SB-THREAD::NEW-LISP-THREAD-TRAMPOLINE) {3D1FBEB}> #<SB-THREAD:MUTEX "thread result lock" owner: #<SB-THREAD:THREAD "hunchentoot-worker-192.168.123.254:61386" RUNNING {1004499F83}>> NIL T NIL)
13: (SB-THREAD::NEW-LISP-THREAD-TRAMPOLINE #<SB-THREAD:THREAD "hunchentoot-worker-192.168.123.254:61386" RUNNING {1004499F83}> NIL #<CLOSURE (LAMBDA NIL :IN BORDEAUX-THREADS::BINDING-DEFAULT-SPECIALS) {1004499F0B}> NIL)
14: ("foreign function: #x43270B")
15: ("foreign function: #x403F08")

[2020-05-28 08:12:17 [ERROR]] The function COMMON-LISP-USER::CREATE-INDEX is
                              undefined.
Backtrace for: #<SB-THREAD:THREAD "hunchentoot-worker-192.168.123.254:61408" RUNNING {1004499F03}>
0: ("undefined function")
1: ((:METHOD HUNCHENTOOT:HANDLE-REQUEST (HUNCHENTOOT:ACCEPTOR HUNCHENTOOT:REQUEST)) #<HUNCHENTOOT:EASY-ACCEPTOR (host *, port 80)> #<HUNCHENTOOT:REQUEST {10050593D3}>) [fast-method]
2: ((:METHOD HUNCHENTOOT:PROCESS-REQUEST (T)) #<HUNCHENTOOT:REQUEST {10050593D3}>) [fast-method]
3: (HUNCHENTOOT::DO-WITH-ACCEPTOR-REQUEST-COUNT-INCREMENTED #<HUNCHENTOOT:EASY-ACCEPTOR (host *, port 80)> #<CLOSURE (LAMBDA NIL :IN HUNCHENTOOT:PROCESS-CONNECTION) {1004EA9DAB}>)
4: ((:METHOD HUNCHENTOOT:PROCESS-CONNECTION (HUNCHENTOOT:ACCEPTOR T)) #<HUNCHENTOOT:EASY-ACCEPTOR (host *, port 80)> #<USOCKET:STREAM-USOCKET {1004494CE3}>) [fast-method]
5: ((:METHOD HUNCHENTOOT:PROCESS-CONNECTION :AROUND (HUNCHENTOOT:ACCEPTOR T)) #<HUNCHENTOOT:EASY-ACCEPTOR (host *, port 80)> #<USOCKET:STREAM-USOCKET {1004494CE3}>) [fast-method]
6: ((FLET HUNCHENTOOT::PROCESS-CONNECTION% :IN HUNCHENTOOT::HANDLE-INCOMING-CONNECTION%) #<HUNCHENTOOT:EASY-ACCEPTOR (host *, port 80)> #<USOCKET:STREAM-USOCKET {1004494CE3}>)
7: ((LAMBDA NIL :IN BORDEAUX-THREADS::BINDING-DEFAULT-SPECIALS))
8: ((FLET SB-UNIX::BODY :IN SB-THREAD::NEW-LISP-THREAD-TRAMPOLINE))
9: ((FLET "WITHOUT-INTERRUPTS-BODY-4" :IN SB-THREAD::NEW-LISP-THREAD-TRAMPOLINE))
10: ((FLET SB-THREAD::WITH-MUTEX-THUNK :IN SB-THREAD::NEW-LISP-THREAD-TRAMPOLINE))
11: ((FLET "WITHOUT-INTERRUPTS-BODY-1" :IN SB-THREAD::CALL-WITH-MUTEX))
12: (SB-THREAD::CALL-WITH-MUTEX #<CLOSURE (FLET SB-THREAD::WITH-MUTEX-THUNK :IN SB-THREAD::NEW-LISP-THREAD-TRAMPOLINE) {3D5FBEB}> #<SB-THREAD:MUTEX "thread result lock" owner: #<SB-THREAD:THREAD "hunchentoot-worker-192.168.123.254:61408" RUNNING {1004499F03}>> NIL T NIL)
13: (SB-THREAD::NEW-LISP-THREAD-TRAMPOLINE #<SB-THREAD:THREAD "hunchentoot-worker-192.168.123.254:61408" RUNNING {1004499F03}> NIL #<CLOSURE (LAMBDA NIL :IN BORDEAUX-THREADS::BINDING-DEFAULT-SPECIALS) {1004499E8B}> NIL)
14: ("foreign function: #x43270B")
15: ("foreign function: #x403F08")

[2020-05-28 08:12:17 [ERROR]] The function COMMON-LISP-USER::CREATE-INDEX is
                              undefined.
Backtrace for: #<SB-THREAD:THREAD "hunchentoot-worker-66.102.6.235:58930" RUNNING {10044CFAD3}>
0: ("undefined function")
1: ((:METHOD HUNCHENTOOT:HANDLE-REQUEST (HUNCHENTOOT:ACCEPTOR HUNCHENTOOT:REQUEST)) #<HUNCHENTOOT:EASY-ACCEPTOR (host *, port 80)> #<HUNCHENTOOT:REQUEST {100550F423}>) [fast-method]
2: ((:METHOD HUNCHENTOOT:PROCESS-REQUEST (T)) #<HUNCHENTOOT:REQUEST {100550F423}>) [fast-method]
3: (HUNCHENTOOT::DO-WITH-ACCEPTOR-REQUEST-COUNT-INCREMENTED #<HUNCHENTOOT:EASY-ACCEPTOR (host *, port 80)> #<CLOSURE (LAMBDA NIL :IN HUNCHENTOOT:PROCESS-CONNECTION) {100537F3CB}>)
4: ((:METHOD HUNCHENTOOT:PROCESS-CONNECTION (HUNCHENTOOT:ACCEPTOR T)) #<HUNCHENTOOT:EASY-ACCEPTOR (host *, port 80)> #<USOCKET:STREAM-USOCKET {100449ED13}>) [fast-method]
5: ((:METHOD HUNCHENTOOT:PROCESS-CONNECTION :AROUND (HUNCHENTOOT:ACCEPTOR T)) #<HUNCHENTOOT:EASY-ACCEPTOR (host *, port 80)> #<USOCKET:STREAM-USOCKET {100449ED13}>) [fast-method]
6: ((FLET HUNCHENTOOT::PROCESS-CONNECTION% :IN HUNCHENTOOT::HANDLE-INCOMING-CONNECTION%) #<HUNCHENTOOT:EASY-ACCEPTOR (host *, port 80)> #<USOCKET:STREAM-USOCKET {100449ED13}>)
7: ((LAMBDA NIL :IN BORDEAUX-THREADS::BINDING-DEFAULT-SPECIALS))
8: ((FLET SB-UNIX::BODY :IN SB-THREAD::NEW-LISP-THREAD-TRAMPOLINE))
9: ((FLET "WITHOUT-INTERRUPTS-BODY-4" :IN SB-THREAD::NEW-LISP-THREAD-TRAMPOLINE))
10: ((FLET SB-THREAD::WITH-MUTEX-THUNK :IN SB-THREAD::NEW-LISP-THREAD-TRAMPOLINE))
11: ((FLET "WITHOUT-INTERRUPTS-BODY-1" :IN SB-THREAD::CALL-WITH-MUTEX))
12: (SB-THREAD::CALL-WITH-MUTEX #<CLOSURE (FLET SB-THREAD::WITH-MUTEX-THUNK :IN SB-THREAD::NEW-LISP-THREAD-TRAMPOLINE) {438FBEB}> #<SB-THREAD:MUTEX "thread result lock" owner: #<SB-THREAD:THREAD "hunchentoot-worker-66.102.6.235:58930" RUNNING {10044CFAD3}>> NIL T NIL)
13: (SB-THREAD::NEW-LISP-THREAD-TRAMPOLINE #<SB-THREAD:THREAD "hunchentoot-worker-66.102.6.235:58930" RUNNING {10044CFAD3}> NIL #<CLOSURE (LAMBDA NIL :IN BORDEAUX-THREADS::BINDING-DEFAULT-SPECIALS) {10044CFA5B}> NIL)
14: ("foreign function: #x43270B")
15: ("foreign function: #x403F08")

[2020-05-28 08:16:59 [ERROR]] The function COMMON-LISP-USER::CREATE-INDEX is
                              undefined.
Backtrace for: #<SB-THREAD:THREAD "hunchentoot-worker-192.168.123.254:61408" RUNNING {1004499F03}>
0: ("undefined function")
1: ((:METHOD HUNCHENTOOT:HANDLE-REQUEST (HUNCHENTOOT:ACCEPTOR HUNCHENTOOT:REQUEST)) #<HUNCHENTOOT:EASY-ACCEPTOR (host *, port 80)> #<HUNCHENTOOT:REQUEST {10062EF5F3}>) [fast-method]
2: ((:METHOD HUNCHENTOOT:PROCESS-REQUEST (T)) #<HUNCHENTOOT:REQUEST {10062EF5F3}>) [fast-method]
3: (HUNCHENTOOT::DO-WITH-ACCEPTOR-REQUEST-COUNT-INCREMENTED #<HUNCHENTOOT:EASY-ACCEPTOR (host *, port 80)> #<CLOSURE (LAMBDA NIL :IN HUNCHENTOOT:PROCESS-CONNECTION) {10062DF75B}>)
4: ((:METHOD HUNCHENTOOT:PROCESS-CONNECTION (HUNCHENTOOT:ACCEPTOR T)) #<HUNCHENTOOT:EASY-ACCEPTOR (host *, port 80)> #<USOCKET:STREAM-USOCKET {1004494CE3}>) [fast-method]
5: ((:METHOD HUNCHENTOOT:PROCESS-CONNECTION :AROUND (HUNCHENTOOT:ACCEPTOR T)) #<HUNCHENTOOT:EASY-ACCEPTOR (host *, port 80)> #<USOCKET:STREAM-USOCKET {1004494CE3}>) [fast-method]
6: ((FLET HUNCHENTOOT::PROCESS-CONNECTION% :IN HUNCHENTOOT::HANDLE-INCOMING-CONNECTION%) #<HUNCHENTOOT:EASY-ACCEPTOR (host *, port 80)> #<USOCKET:STREAM-USOCKET {1004494CE3}>)
7: ((LAMBDA NIL :IN BORDEAUX-THREADS::BINDING-DEFAULT-SPECIALS))
8: ((FLET SB-UNIX::BODY :IN SB-THREAD::NEW-LISP-THREAD-TRAMPOLINE))
9: ((FLET "WITHOUT-INTERRUPTS-BODY-4" :IN SB-THREAD::NEW-LISP-THREAD-TRAMPOLINE))
10: ((FLET SB-THREAD::WITH-MUTEX-THUNK :IN SB-THREAD::NEW-LISP-THREAD-TRAMPOLINE))
11: ((FLET "WITHOUT-INTERRUPTS-BODY-1" :IN SB-THREAD::CALL-WITH-MUTEX))
12: (SB-THREAD::CALL-WITH-MUTEX #<CLOSURE (FLET SB-THREAD::WITH-MUTEX-THUNK :IN SB-THREAD::NEW-LISP-THREAD-TRAMPOLINE) {3D5FBEB}> #<SB-THREAD:MUTEX "thread result lock" owner: #<SB-THREAD:THREAD "hunchentoot-worker-192.168.123.254:61408" RUNNING {1004499F03}>> NIL T NIL)
13: (SB-THREAD::NEW-LISP-THREAD-TRAMPOLINE #<SB-THREAD:THREAD "hunchentoot-worker-192.168.123.254:61408" RUNNING {1004499F03}> NIL #<CLOSURE (LAMBDA NIL :IN BORDEAUX-THREADS::BINDING-DEFAULT-SPECIALS) {1004499E8B}> NIL)
14: ("foreign function: #x43270B")
15: ("foreign function: #x403F08")

[2020-05-28 09:06:52 [ERROR]] The function COMMON-LISP-USER::CREATE-INDEX is
                              undefined.
Backtrace for: #<SB-THREAD:THREAD "hunchentoot-worker-192.168.123.254:62053" RUNNING {10044C9F03}>
0: ("undefined function")
1: ((:METHOD HUNCHENTOOT:HANDLE-REQUEST (HUNCHENTOOT:ACCEPTOR HUNCHENTOOT:REQUEST)) #<HUNCHENTOOT:EASY-ACCEPTOR (host *, port 80)> #<HUNCHENTOOT:REQUEST {1005081F33}>) [fast-method]
2: ((:METHOD HUNCHENTOOT:PROCESS-REQUEST (T)) #<HUNCHENTOOT:REQUEST {1005081F33}>) [fast-method]
3: (HUNCHENTOOT::DO-WITH-ACCEPTOR-REQUEST-COUNT-INCREMENTED #<HUNCHENTOOT:EASY-ACCEPTOR (host *, port 80)> #<CLOSURE (LAMBDA NIL :IN HUNCHENTOOT:PROCESS-CONNECTION) {1004ED7D4B}>)
4: ((:METHOD HUNCHENTOOT:PROCESS-CONNECTION (HUNCHENTOOT:ACCEPTOR T)) #<HUNCHENTOOT:EASY-ACCEPTOR (host *, port 80)> #<USOCKET:STREAM-USOCKET {10044C4CE3}>) [fast-method]
5: ((:METHOD HUNCHENTOOT:PROCESS-CONNECTION :AROUND (HUNCHENTOOT:ACCEPTOR T)) #<HUNCHENTOOT:EASY-ACCEPTOR (host *, port 80)> #<USOCKET:STREAM-USOCKET {10044C4CE3}>) [fast-method]
6: ((FLET HUNCHENTOOT::PROCESS-CONNECTION% :IN HUNCHENTOOT::HANDLE-INCOMING-CONNECTION%) #<HUNCHENTOOT:EASY-ACCEPTOR (host *, port 80)> #<USOCKET:STREAM-USOCKET {10044C4CE3}>)
7: ((LAMBDA NIL :IN BORDEAUX-THREADS::BINDING-DEFAULT-SPECIALS))
8: ((FLET SB-UNIX::BODY :IN SB-THREAD::NEW-LISP-THREAD-TRAMPOLINE))
9: ((FLET "WITHOUT-INTERRUPTS-BODY-4" :IN SB-THREAD::NEW-LISP-THREAD-TRAMPOLINE))
10: ((FLET SB-THREAD::WITH-MUTEX-THUNK :IN SB-THREAD::NEW-LISP-THREAD-TRAMPOLINE))
11: ((FLET "WITHOUT-INTERRUPTS-BODY-1" :IN SB-THREAD::CALL-WITH-MUTEX))
12: (SB-THREAD::CALL-WITH-MUTEX #<CLOSURE (FLET SB-THREAD::WITH-MUTEX-THUNK :IN SB-THREAD::NEW-LISP-THREAD-TRAMPOLINE) {3DAFBEB}> #<SB-THREAD:MUTEX "thread result lock" owner: #<SB-THREAD:THREAD "hunchentoot-worker-192.168.123.254:62053" RUNNING {10044C9F03}>> NIL T NIL)
13: (SB-THREAD::NEW-LISP-THREAD-TRAMPOLINE #<SB-THREAD:THREAD "hunchentoot-worker-192.168.123.254:62053" RUNNING {10044C9F03}> NIL #<CLOSURE (LAMBDA NIL :IN BORDEAUX-THREADS::BINDING-DEFAULT-SPECIALS) {10044C9E8B}> NIL)
14: ("foreign function: #x43270B")
15: ("foreign function: #x403F08")

[2020-05-28 09:08:21 [ERROR]] The function COMMON-LISP-USER::CREATE-INDEX is
                              undefined.
Backtrace for: #<SB-THREAD:THREAD "hunchentoot-worker-192.168.123.254:62079" RUNNING {10044D9FD3}>
0: ("undefined function")
1: ((:METHOD HUNCHENTOOT:HANDLE-REQUEST (HUNCHENTOOT:ACCEPTOR HUNCHENTOOT:REQUEST)) #<HUNCHENTOOT:EASY-ACCEPTOR (host *, port 80)> #<HUNCHENTOOT:REQUEST {100509A833}>) [fast-method]
2: ((:METHOD HUNCHENTOOT:PROCESS-REQUEST (T)) #<HUNCHENTOOT:REQUEST {100509A833}>) [fast-method]
3: (HUNCHENTOOT::DO-WITH-ACCEPTOR-REQUEST-COUNT-INCREMENTED #<HUNCHENTOOT:EASY-ACCEPTOR (host *, port 80)> #<CLOSURE (LAMBDA NIL :IN HUNCHENTOOT:PROCESS-CONNECTION) {1004EEA97B}>)
4: ((:METHOD HUNCHENTOOT:PROCESS-CONNECTION (HUNCHENTOOT:ACCEPTOR T)) #<HUNCHENTOOT:EASY-ACCEPTOR (host *, port 80)> #<USOCKET:STREAM-USOCKET {10044D4DB3}>) [fast-method]
5: ((:METHOD HUNCHENTOOT:PROCESS-CONNECTION :AROUND (HUNCHENTOOT:ACCEPTOR T)) #<HUNCHENTOOT:EASY-ACCEPTOR (host *, port 80)> #<USOCKET:STREAM-USOCKET {10044D4DB3}>) [fast-method]
6: ((FLET HUNCHENTOOT::PROCESS-CONNECTION% :IN HUNCHENTOOT::HANDLE-INCOMING-CONNECTION%) #<HUNCHENTOOT:EASY-ACCEPTOR (host *, port 80)> #<USOCKET:STREAM-USOCKET {10044D4DB3}>)
7: ((LAMBDA NIL :IN BORDEAUX-THREADS::BINDING-DEFAULT-SPECIALS))
8: ((FLET SB-UNIX::BODY :IN SB-THREAD::NEW-LISP-THREAD-TRAMPOLINE))
9: ((FLET "WITHOUT-INTERRUPTS-BODY-4" :IN SB-THREAD::NEW-LISP-THREAD-TRAMPOLINE))
10: ((FLET SB-THREAD::WITH-MUTEX-THUNK :IN SB-THREAD::NEW-LISP-THREAD-TRAMPOLINE))
11: ((FLET "WITHOUT-INTERRUPTS-BODY-1" :IN SB-THREAD::CALL-WITH-MUTEX))
12: (SB-THREAD::CALL-WITH-MUTEX #<CLOSURE (FLET SB-THREAD::WITH-MUTEX-THUNK :IN SB-THREAD::NEW-LISP-THREAD-TRAMPOLINE) {3D3FBEB}> #<SB-THREAD:MUTEX "thread result lock" owner: #<SB-THREAD:THREAD "hunchentoot-worker-192.168.123.254:62079" RUNNING {10044D9FD3}>> NIL T NIL)
13: (SB-THREAD::NEW-LISP-THREAD-TRAMPOLINE #<SB-THREAD:THREAD "hunchentoot-worker-192.168.123.254:62079" RUNNING {10044D9FD3}> NIL #<CLOSURE (LAMBDA NIL :IN BORDEAUX-THREADS::BINDING-DEFAULT-SPECIALS) {10044D9F5B}> NIL)
14: ("foreign function: #x43270B")
15: ("foreign function: #x403F08")

[2020-05-28 09:08:22 [ERROR]] The function COMMON-LISP-USER::CREATE-INDEX is
                              undefined.
Backtrace for: #<SB-THREAD:THREAD "hunchentoot-worker-192.168.123.254:62079" RUNNING {10044D9FD3}>
0: ("undefined function")
1: ((:METHOD HUNCHENTOOT:HANDLE-REQUEST (HUNCHENTOOT:ACCEPTOR HUNCHENTOOT:REQUEST)) #<HUNCHENTOOT:EASY-ACCEPTOR (host *, port 80)> #<HUNCHENTOOT:REQUEST {10062F1FD3}>) [fast-method]
2: ((:METHOD HUNCHENTOOT:PROCESS-REQUEST (T)) #<HUNCHENTOOT:REQUEST {10062F1FD3}>) [fast-method]
3: (HUNCHENTOOT::DO-WITH-ACCEPTOR-REQUEST-COUNT-INCREMENTED #<HUNCHENTOOT:EASY-ACCEPTOR (host *, port 80)> #<CLOSURE (LAMBDA NIL :IN HUNCHENTOOT:PROCESS-CONNECTION) {10062F0FAB}>)
4: ((:METHOD HUNCHENTOOT:PROCESS-CONNECTION (HUNCHENTOOT:ACCEPTOR T)) #<HUNCHENTOOT:EASY-ACCEPTOR (host *, port 80)> #<USOCKET:STREAM-USOCKET {10044D4DB3}>) [fast-method]
5: ((:METHOD HUNCHENTOOT:PROCESS-CONNECTION :AROUND (HUNCHENTOOT:ACCEPTOR T)) #<HUNCHENTOOT:EASY-ACCEPTOR (host *, port 80)> #<USOCKET:STREAM-USOCKET {10044D4DB3}>) [fast-method]
6: ((FLET HUNCHENTOOT::PROCESS-CONNECTION% :IN HUNCHENTOOT::HANDLE-INCOMING-CONNECTION%) #<HUNCHENTOOT:EASY-ACCEPTOR (host *, port 80)> #<USOCKET:STREAM-USOCKET {10044D4DB3}>)
7: ((LAMBDA NIL :IN BORDEAUX-THREADS::BINDING-DEFAULT-SPECIALS))
8: ((FLET SB-UNIX::BODY :IN SB-THREAD::NEW-LISP-THREAD-TRAMPOLINE))
9: ((FLET "WITHOUT-INTERRUPTS-BODY-4" :IN SB-THREAD::NEW-LISP-THREAD-TRAMPOLINE))
10: ((FLET SB-THREAD::WITH-MUTEX-THUNK :IN SB-THREAD::NEW-LISP-THREAD-TRAMPOLINE))
11: ((FLET "WITHOUT-INTERRUPTS-BODY-1" :IN SB-THREAD::CALL-WITH-MUTEX))
12: (SB-THREAD::CALL-WITH-MUTEX #<CLOSURE (FLET SB-THREAD::WITH-MUTEX-THUNK :IN SB-THREAD::NEW-LISP-THREAD-TRAMPOLINE) {3D3FBEB}> #<SB-THREAD:MUTEX "thread result lock" owner: #<SB-THREAD:THREAD "hunchentoot-worker-192.168.123.254:62079" RUNNING {10044D9FD3}>> NIL T NIL)
13: (SB-THREAD::NEW-LISP-THREAD-TRAMPOLINE #<SB-THREAD:THREAD "hunchentoot-worker-192.168.123.254:62079" RUNNING {10044D9FD3}> NIL #<CLOSURE (LAMBDA NIL :IN BORDEAUX-THREADS::BINDING-DEFAULT-SPECIALS) {10044D9F5B}> NIL)
14: ("foreign function: #x43270B")
15: ("foreign function: #x403F08")

[2020-05-28 09:08:22 [ERROR]] The function COMMON-LISP-USER::CREATE-INDEX is
                              undefined.
Backtrace for: #<SB-THREAD:THREAD "hunchentoot-worker-192.168.123.254:62079" RUNNING {10044D9FD3}>
0: ("undefined function")
1: ((:METHOD HUNCHENTOOT:HANDLE-REQUEST (HUNCHENTOOT:ACCEPTOR HUNCHENTOOT:REQUEST)) #<HUNCHENTOOT:EASY-ACCEPTOR (host *, port 80)> #<HUNCHENTOOT:REQUEST {1006351413}>) [fast-method]
2: ((:METHOD HUNCHENTOOT:PROCESS-REQUEST (T)) #<HUNCHENTOOT:REQUEST {1006351413}>) [fast-method]
3: (HUNCHENTOOT::DO-WITH-ACCEPTOR-REQUEST-COUNT-INCREMENTED #<HUNCHENTOOT:EASY-ACCEPTOR (host *, port 80)> #<CLOSURE (LAMBDA NIL :IN HUNCHENTOOT:PROCESS-CONNECTION) {10063507DB}>)
4: ((:METHOD HUNCHENTOOT:PROCESS-CONNECTION (HUNCHENTOOT:ACCEPTOR T)) #<HUNCHENTOOT:EASY-ACCEPTOR (host *, port 80)> #<USOCKET:STREAM-USOCKET {10044D4DB3}>) [fast-method]
5: ((:METHOD HUNCHENTOOT:PROCESS-CONNECTION :AROUND (HUNCHENTOOT:ACCEPTOR T)) #<HUNCHENTOOT:EASY-ACCEPTOR (host *, port 80)> #<USOCKET:STREAM-USOCKET {10044D4DB3}>) [fast-method]
6: ((FLET HUNCHENTOOT::PROCESS-CONNECTION% :IN HUNCHENTOOT::HANDLE-INCOMING-CONNECTION%) #<HUNCHENTOOT:EASY-ACCEPTOR (host *, port 80)> #<USOCKET:STREAM-USOCKET {10044D4DB3}>)
7: ((LAMBDA NIL :IN BORDEAUX-THREADS::BINDING-DEFAULT-SPECIALS))
8: ((FLET SB-UNIX::BODY :IN SB-THREAD::NEW-LISP-THREAD-TRAMPOLINE))
9: ((FLET "WITHOUT-INTERRUPTS-BODY-4" :IN SB-THREAD::NEW-LISP-THREAD-TRAMPOLINE))
10: ((FLET SB-THREAD::WITH-MUTEX-THUNK :IN SB-THREAD::NEW-LISP-THREAD-TRAMPOLINE))
11: ((FLET "WITHOUT-INTERRUPTS-BODY-1" :IN SB-THREAD::CALL-WITH-MUTEX))
12: (SB-THREAD::CALL-WITH-MUTEX #<CLOSURE (FLET SB-THREAD::WITH-MUTEX-THUNK :IN SB-THREAD::NEW-LISP-THREAD-TRAMPOLINE) {3D3FBEB}> #<SB-THREAD:MUTEX "thread result lock" owner: #<SB-THREAD:THREAD "hunchentoot-worker-192.168.123.254:62079" RUNNING {10044D9FD3}>> NIL T NIL)
13: (SB-THREAD::NEW-LISP-THREAD-TRAMPOLINE #<SB-THREAD:THREAD "hunchentoot-worker-192.168.123.254:62079" RUNNING {10044D9FD3}> NIL #<CLOSURE (LAMBDA NIL :IN BORDEAUX-THREADS::BINDING-DEFAULT-SPECIALS) {10044D9F5B}> NIL)
14: ("foreign function: #x43270B")
15: ("foreign function: #x403F08")

[2020-05-28 09:08:22 [ERROR]] The function COMMON-LISP-USER::CREATE-INDEX is
                              undefined.
Backtrace for: #<SB-THREAD:THREAD "hunchentoot-worker-192.168.123.254:62079" RUNNING {10044D9FD3}>
0: ("undefined function")
1: ((:METHOD HUNCHENTOOT:HANDLE-REQUEST (HUNCHENTOOT:ACCEPTOR HUNCHENTOOT:REQUEST)) #<HUNCHENTOOT:EASY-ACCEPTOR (host *, port 80)> #<HUNCHENTOOT:REQUEST {10063A7AB3}>) [fast-method]
2: ((:METHOD HUNCHENTOOT:PROCESS-REQUEST (T)) #<HUNCHENTOOT:REQUEST {10063A7AB3}>) [fast-method]
3: (HUNCHENTOOT::DO-WITH-ACCEPTOR-REQUEST-COUNT-INCREMENTED #<HUNCHENTOOT:EASY-ACCEPTOR (host *, port 80)> #<CLOSURE (LAMBDA NIL :IN HUNCHENTOOT:PROCESS-CONNECTION) {10063A6FEB}>)
4: ((:METHOD HUNCHENTOOT:PROCESS-CONNECTION (HUNCHENTOOT:ACCEPTOR T)) #<HUNCHENTOOT:EASY-ACCEPTOR (host *, port 80)> #<USOCKET:STREAM-USOCKET {10044D4DB3}>) [fast-method]
5: ((:METHOD HUNCHENTOOT:PROCESS-CONNECTION :AROUND (HUNCHENTOOT:ACCEPTOR T)) #<HUNCHENTOOT:EASY-ACCEPTOR (host *, port 80)> #<USOCKET:STREAM-USOCKET {10044D4DB3}>) [fast-method]
6: ((FLET HUNCHENTOOT::PROCESS-CONNECTION% :IN HUNCHENTOOT::HANDLE-INCOMING-CONNECTION%) #<HUNCHENTOOT:EASY-ACCEPTOR (host *, port 80)> #<USOCKET:STREAM-USOCKET {10044D4DB3}>)
7: ((LAMBDA NIL :IN BORDEAUX-THREADS::BINDING-DEFAULT-SPECIALS))
8: ((FLET SB-UNIX::BODY :IN SB-THREAD::NEW-LISP-THREAD-TRAMPOLINE))
9: ((FLET "WITHOUT-INTERRUPTS-BODY-4" :IN SB-THREAD::NEW-LISP-THREAD-TRAMPOLINE))
10: ((FLET SB-THREAD::WITH-MUTEX-THUNK :IN SB-THREAD::NEW-LISP-THREAD-TRAMPOLINE))
11: ((FLET "WITHOUT-INTERRUPTS-BODY-1" :IN SB-THREAD::CALL-WITH-MUTEX))
12: (SB-THREAD::CALL-WITH-MUTEX #<CLOSURE (FLET SB-THREAD::WITH-MUTEX-THUNK :IN SB-THREAD::NEW-LISP-THREAD-TRAMPOLINE) {3D3FBEB}> #<SB-THREAD:MUTEX "thread result lock" owner: #<SB-THREAD:THREAD "hunchentoot-worker-192.168.123.254:62079" RUNNING {10044D9FD3}>> NIL T NIL)
13: (SB-THREAD::NEW-LISP-THREAD-TRAMPOLINE #<SB-THREAD:THREAD "hunchentoot-worker-192.168.123.254:62079" RUNNING {10044D9FD3}> NIL #<CLOSURE (LAMBDA NIL :IN BORDEAUX-THREADS::BINDING-DEFAULT-SPECIALS) {10044D9F5B}> NIL)
14: ("foreign function: #x43270B")
15: ("foreign function: #x403F08")

[2020-05-29 08:18:54 [ERROR]] The function COMMON-LISP-USER::CREATE-INDEX is
                              undefined.
Backtrace for: #<SB-THREAD:THREAD "hunchentoot-worker-192.168.123.254:58387" RUNNING {10044D9FD3}>
0: ("undefined function")
1: ((:METHOD HUNCHENTOOT:HANDLE-REQUEST (HUNCHENTOOT:ACCEPTOR HUNCHENTOOT:REQUEST)) #<HUNCHENTOOT:EASY-ACCEPTOR (host *, port 80)> #<HUNCHENTOOT:REQUEST {100509A5A3}>) [fast-method]
2: ((:METHOD HUNCHENTOOT:PROCESS-REQUEST (T)) #<HUNCHENTOOT:REQUEST {100509A5A3}>) [fast-method]
3: (HUNCHENTOOT::DO-WITH-ACCEPTOR-REQUEST-COUNT-INCREMENTED #<HUNCHENTOOT:EASY-ACCEPTOR (host *, port 80)> #<CLOSURE (LAMBDA NIL :IN HUNCHENTOOT:PROCESS-CONNECTION) {1004EE8BBB}>)
4: ((:METHOD HUNCHENTOOT:PROCESS-CONNECTION (HUNCHENTOOT:ACCEPTOR T)) #<HUNCHENTOOT:EASY-ACCEPTOR (host *, port 80)> #<USOCKET:STREAM-USOCKET {10044D4DB3}>) [fast-method]
5: ((:METHOD HUNCHENTOOT:PROCESS-CONNECTION :AROUND (HUNCHENTOOT:ACCEPTOR T)) #<HUNCHENTOOT:EASY-ACCEPTOR (host *, port 80)> #<USOCKET:STREAM-USOCKET {10044D4DB3}>) [fast-method]
6: ((FLET HUNCHENTOOT::PROCESS-CONNECTION% :IN HUNCHENTOOT::HANDLE-INCOMING-CONNECTION%) #<HUNCHENTOOT:EASY-ACCEPTOR (host *, port 80)> #<USOCKET:STREAM-USOCKET {10044D4DB3}>)
7: ((LAMBDA NIL :IN BORDEAUX-THREADS::BINDING-DEFAULT-SPECIALS))
8: ((FLET SB-UNIX::BODY :IN SB-THREAD::NEW-LISP-THREAD-TRAMPOLINE))
9: ((FLET "WITHOUT-INTERRUPTS-BODY-4" :IN SB-THREAD::NEW-LISP-THREAD-TRAMPOLINE))
10: ((FLET SB-THREAD::WITH-MUTEX-THUNK :IN SB-THREAD::NEW-LISP-THREAD-TRAMPOLINE))
11: ((FLET "WITHOUT-INTERRUPTS-BODY-1" :IN SB-THREAD::CALL-WITH-MUTEX))
12: (SB-THREAD::CALL-WITH-MUTEX #<CLOSURE (FLET SB-THREAD::WITH-MUTEX-THUNK :IN SB-THREAD::NEW-LISP-THREAD-TRAMPOLINE) {3D8FBEB}> #<SB-THREAD:MUTEX "thread result lock" owner: #<SB-THREAD:THREAD "hunchentoot-worker-192.168.123.254:58387" RUNNING {10044D9FD3}>> NIL T NIL)
13: (SB-THREAD::NEW-LISP-THREAD-TRAMPOLINE #<SB-THREAD:THREAD "hunchentoot-worker-192.168.123.254:58387" RUNNING {10044D9FD3}> NIL #<CLOSURE (LAMBDA NIL :IN BORDEAUX-THREADS::BINDING-DEFAULT-SPECIALS) {10044D9F5B}> NIL)
14: ("foreign function: #x43270B")
15: ("foreign function: #x403F08")

[2020-05-29 08:27:01 [ERROR]] The function COMMON-LISP-USER::CREATE-INDEX is
                              undefined.
Backtrace for: #<SB-THREAD:THREAD "hunchentoot-worker-192.168.123.254:58570" RUNNING {10044C9F03}>
0: ("undefined function")
1: ((:METHOD HUNCHENTOOT:HANDLE-REQUEST (HUNCHENTOOT:ACCEPTOR HUNCHENTOOT:REQUEST)) #<HUNCHENTOOT:EASY-ACCEPTOR (host *, port 80)> #<HUNCHENTOOT:REQUEST {1005082C33}>) [fast-method]
2: ((:METHOD HUNCHENTOOT:PROCESS-REQUEST (T)) #<HUNCHENTOOT:REQUEST {1005082C33}>) [fast-method]
3: (HUNCHENTOOT::DO-WITH-ACCEPTOR-REQUEST-COUNT-INCREMENTED #<HUNCHENTOOT:EASY-ACCEPTOR (host *, port 80)> #<CLOSURE (LAMBDA NIL :IN HUNCHENTOOT:PROCESS-CONNECTION) {1004ED82EB}>)
4: ((:METHOD HUNCHENTOOT:PROCESS-CONNECTION (HUNCHENTOOT:ACCEPTOR T)) #<HUNCHENTOOT:EASY-ACCEPTOR (host *, port 80)> #<USOCKET:STREAM-USOCKET {10044C4CE3}>) [fast-method]
5: ((:METHOD HUNCHENTOOT:PROCESS-CONNECTION :AROUND (HUNCHENTOOT:ACCEPTOR T)) #<HUNCHENTOOT:EASY-ACCEPTOR (host *, port 80)> #<USOCKET:STREAM-USOCKET {10044C4CE3}>) [fast-method]
6: ((FLET HUNCHENTOOT::PROCESS-CONNECTION% :IN HUNCHENTOOT::HANDLE-INCOMING-CONNECTION%) #<HUNCHENTOOT:EASY-ACCEPTOR (host *, port 80)> #<USOCKET:STREAM-USOCKET {10044C4CE3}>)
7: ((LAMBDA NIL :IN BORDEAUX-THREADS::BINDING-DEFAULT-SPECIALS))
8: ((FLET SB-UNIX::BODY :IN SB-THREAD::NEW-LISP-THREAD-TRAMPOLINE))
9: ((FLET "WITHOUT-INTERRUPTS-BODY-4" :IN SB-THREAD::NEW-LISP-THREAD-TRAMPOLINE))
10: ((FLET SB-THREAD::WITH-MUTEX-THUNK :IN SB-THREAD::NEW-LISP-THREAD-TRAMPOLINE))
11: ((FLET "WITHOUT-INTERRUPTS-BODY-1" :IN SB-THREAD::CALL-WITH-MUTEX))
12: (SB-THREAD::CALL-WITH-MUTEX #<CLOSURE (FLET SB-THREAD::WITH-MUTEX-THUNK :IN SB-THREAD::NEW-LISP-THREAD-TRAMPOLINE) {3D3FBEB}> #<SB-THREAD:MUTEX "thread result lock" owner: #<SB-THREAD:THREAD "hunchentoot-worker-192.168.123.254:58570" RUNNING {10044C9F03}>> NIL T NIL)
13: (SB-THREAD::NEW-LISP-THREAD-TRAMPOLINE #<SB-THREAD:THREAD "hunchentoot-worker-192.168.123.254:58570" RUNNING {10044C9F03}> NIL #<CLOSURE (LAMBDA NIL :IN BORDEAUX-THREADS::BINDING-DEFAULT-SPECIALS) {10044C9E8B}> NIL)
14: ("foreign function: #x43270B")
15: ("foreign function: #x403F08")

